{"name": "sucessfully login", "status": "broken", "statusDetails": {"message": "selenium.common.exceptions.NoSuchElementException: Message: no such element: Unable to locate element: {\"method\":\"xpath\",\"selector\":\"//h1\"}\n  (Session info: chrome=120.0.6099.71); For documentation on this error, please visit: https://www.selenium.dev/documentation/webdriver/troubleshooting/errors#no-such-element-exception\nStacktrace:\n\tGetHandleVerifier [0x00007FF665B54D02+56194]\n\t(No symbol) [0x00007FF665AC04B2]\n\t(No symbol) [0x00007FF6659676AA]\n\t(No symbol) [0x00007FF6659B16D0]\n\t(No symbol) [0x00007FF6659B17EC]\n\t(No symbol) [0x00007FF6659F4D77]\n\t(No symbol) [0x00007FF6659D5EBF]\n\t(No symbol) [0x00007FF6659F2786]\n\t(No symbol) [0x00007FF6659D5C23]\n\t(No symbol) [0x00007FF6659A4A45]\n\t(No symbol) [0x00007FF6659A5AD4]\n\tGetHandleVerifier [0x00007FF665ECD5BB+3695675]\n\tGetHandleVerifier [0x00007FF665F26197+4059159]\n\tGetHandleVerifier [0x00007FF665F1DF63+4025827]\n\tGetHandleVerifier [0x00007FF665BEF029+687785]\n\t(No symbol) [0x00007FF665ACB508]\n\t(No symbol) [0x00007FF665AC7564]\n\t(No symbol) [0x00007FF665AC76E9]\n\t(No symbol) [0x00007FF665AB8094]\n\tBaseThreadInitThunk [0x00007FF909B7257D+29]\n\tRtlUserThreadStart [0x00007FF90B48AA58+40]\n\n", "trace": "  File \"C:\\Users\\Amph4rd\\PycharmProjects\\pythonProject\\.venv\\Lib\\site-packages\\behave\\model.py\", line 1329, in run\n    match.run(runner.context)\n  File \"C:\\Users\\Amph4rd\\PycharmProjects\\pythonProject\\.venv\\Lib\\site-packages\\behave\\matchers.py\", line 98, in run\n    self.func(context, *args, **kwargs)\n  File \"features\\steps\\login_step_definitions.py\", line 30, in step_impl\n    assert context.driver.find_element(By.XPATH, \"//h1\").is_displayed()\n           ^^^^^^^^^^^^^^^^^^^^^^^^^^^^^^^^^^^^^^^^^^^^^\n  File \"C:\\Users\\Amph4rd\\PycharmProjects\\pythonProject\\.venv\\Lib\\site-packages\\selenium\\webdriver\\remote\\webdriver.py\", line 742, in find_element\n    return self.execute(Command.FIND_ELEMENT, {\"using\": by, \"value\": value})[\"value\"]\n           ^^^^^^^^^^^^^^^^^^^^^^^^^^^^^^^^^^^^^^^^^^^^^^^^^^^^^^^^^^^^^^^^^\n  File \"C:\\Users\\Amph4rd\\PycharmProjects\\pythonProject\\.venv\\Lib\\site-packages\\selenium\\webdriver\\remote\\webdriver.py\", line 348, in execute\n    self.error_handler.check_response(response)\n  File \"C:\\Users\\Amph4rd\\PycharmProjects\\pythonProject\\.venv\\Lib\\site-packages\\selenium\\webdriver\\remote\\errorhandler.py\", line 229, in check_response\n    raise exception_class(message, screen, stacktrace)\n"}, "steps": [{"name": "Given that the user is on the login site", "status": "passed", "start": 1702179454723, "stop": 1702179460208}, {"name": "When he types login data", "status": "passed", "start": 1702179460208, "stop": 1702179463344}, {"name": "Then will see the dashboard page", "status": "broken", "statusDetails": {"message": "selenium.common.exceptions.NoSuchElementException: Message: no such element: Unable to locate element: {\"method\":\"xpath\",\"selector\":\"//h1\"}\n  (Session info: chrome=120.0.6099.71); For documentation on this error, please visit: https://www.selenium.dev/documentation/webdriver/troubleshooting/errors#no-such-element-exception\nStacktrace:\n\tGetHandleVerifier [0x00007FF665B54D02+56194]\n\t(No symbol) [0x00007FF665AC04B2]\n\t(No symbol) [0x00007FF6659676AA]\n\t(No symbol) [0x00007FF6659B16D0]\n\t(No symbol) [0x00007FF6659B17EC]\n\t(No symbol) [0x00007FF6659F4D77]\n\t(No symbol) [0x00007FF6659D5EBF]\n\t(No symbol) [0x00007FF6659F2786]\n\t(No symbol) [0x00007FF6659D5C23]\n\t(No symbol) [0x00007FF6659A4A45]\n\t(No symbol) [0x00007FF6659A5AD4]\n\tGetHandleVerifier [0x00007FF665ECD5BB+3695675]\n\tGetHandleVerifier [0x00007FF665F26197+4059159]\n\tGetHandleVerifier [0x00007FF665F1DF63+4025827]\n\tGetHandleVerifier [0x00007FF665BEF029+687785]\n\t(No symbol) [0x00007FF665ACB508]\n\t(No symbol) [0x00007FF665AC7564]\n\t(No symbol) [0x00007FF665AC76E9]\n\t(No symbol) [0x00007FF665AB8094]\n\tBaseThreadInitThunk [0x00007FF909B7257D+29]\n\tRtlUserThreadStart [0x00007FF90B48AA58+40]\n\n", "trace": "  File \"C:\\Users\\Amph4rd\\PycharmProjects\\pythonProject\\.venv\\Lib\\site-packages\\behave\\model.py\", line 1329, in run\n    match.run(runner.context)\n  File \"C:\\Users\\Amph4rd\\PycharmProjects\\pythonProject\\.venv\\Lib\\site-packages\\behave\\matchers.py\", line 98, in run\n    self.func(context, *args, **kwargs)\n  File \"features\\steps\\login_step_definitions.py\", line 30, in step_impl\n    assert context.driver.find_element(By.XPATH, \"//h1\").is_displayed()\n           ^^^^^^^^^^^^^^^^^^^^^^^^^^^^^^^^^^^^^^^^^^^^^\n  File \"C:\\Users\\Amph4rd\\PycharmProjects\\pythonProject\\.venv\\Lib\\site-packages\\selenium\\webdriver\\remote\\webdriver.py\", line 742, in find_element\n    return self.execute(Command.FIND_ELEMENT, {\"using\": by, \"value\": value})[\"value\"]\n           ^^^^^^^^^^^^^^^^^^^^^^^^^^^^^^^^^^^^^^^^^^^^^^^^^^^^^^^^^^^^^^^^^\n  File \"C:\\Users\\Amph4rd\\PycharmProjects\\pythonProject\\.venv\\Lib\\site-packages\\selenium\\webdriver\\remote\\webdriver.py\", line 348, in execute\n    self.error_handler.check_response(response)\n  File \"C:\\Users\\Amph4rd\\PycharmProjects\\pythonProject\\.venv\\Lib\\site-packages\\selenium\\webdriver\\remote\\errorhandler.py\", line 229, in check_response\n    raise exception_class(message, screen, stacktrace)\n"}, "start": 1702179463344, "stop": 1702179463353}], "start": 1702179451827, "stop": 1702179465429, "uuid": "3581a1fc-0876-4869-9afd-48b79d2d9b18", "historyId": "355f47e0a17298803b3f2e8c865673f9", "fullName": "login on the site: sucessfully login", "labels": [{"name": "severity", "value": "normal"}, {"name": "feature", "value": "login on the site"}, {"name": "framework", "value": "behave"}, {"name": "language", "value": "cpython3"}]}